2021-09-12 09:45:49.076  INFO 54364 --- [main] c.h.a.c.CustomScannersServiceApplication : Starting CustomScannersServiceApplication on jshp with PID 54364 (/home/j/.vscode/extensions/hcltechnologies.hclappscancodesweep-1.1.4/lib/custom-scanners-service-1.0.11.jar started by j in /home/j/Desktop/good_books)
2021-09-12 09:45:49.179  INFO 54364 --- [main] c.h.a.c.CustomScannersServiceApplication : No active profile set, falling back to default profiles: default
2021-09-12 09:46:05.420  INFO 54364 --- [main] o.s.b.w.embedded.tomcat.TomcatWebServer  : Tomcat initialized with port(s): 9221 (http)
2021-09-12 09:46:05.477  INFO 54364 --- [main] o.apache.catalina.core.StandardService   : Starting service [Tomcat]
2021-09-12 09:46:05.479  INFO 54364 --- [main] org.apache.catalina.core.StandardEngine  : Starting Servlet engine: [Apache Tomcat/9.0.29]
2021-09-12 09:46:05.824  INFO 54364 --- [main] o.a.c.c.C.[Tomcat].[localhost].[/]       : Initializing Spring embedded WebApplicationContext
2021-09-12 09:46:05.825 DEBUG 54364 --- [main] o.s.web.context.ContextLoader            : Published root WebApplicationContext as ServletContext attribute with name [org.springframework.web.context.WebApplicationContext.ROOT]
2021-09-12 09:46:05.828  INFO 54364 --- [main] o.s.web.context.ContextLoader            : Root WebApplicationContext: initialization completed in 15655 ms
2021-09-12 09:46:06.678 DEBUG 54364 --- [main] o.s.b.w.s.ServletContextInitializerBeans : Mapping filters: filterRegistrationBean urls=[/*] order=-2147483647, characterEncodingFilter urls=[/*] order=-2147483648, formContentFilter urls=[/*] order=-9900, requestContextFilter urls=[/*] order=-105
2021-09-12 09:46:06.680 DEBUG 54364 --- [main] o.s.b.w.s.ServletContextInitializerBeans : Mapping servlets: dispatcherServlet urls=[/]
2021-09-12 09:46:13.885 DEBUG 54364 --- [main] s.w.s.m.m.a.RequestMappingHandlerMapping : 19 mappings in 'requestMappingHandlerMapping'
2021-09-12 09:46:14.115  INFO 54364 --- [main] o.s.b.a.e.web.EndpointLinksResolver      : Exposing 2 endpoint(s) beneath base path '/actuator'
2021-09-12 09:46:14.419  INFO 54364 --- [main] pertySourcedRequestMappingHandlerMapping : Mapped URL path [/v2/api-docs] onto method [springfox.documentation.swagger2.web.Swagger2Controller#getDocumentation(String, HttpServletRequest)]
2021-09-12 09:46:14.867  INFO 54364 --- [main] o.s.s.concurrent.ThreadPoolTaskExecutor  : Initializing ExecutorService 'applicationTaskExecutor'
2021-09-12 09:46:14.965 DEBUG 54364 --- [main] s.w.s.m.m.a.RequestMappingHandlerAdapter : ControllerAdvice beans: 0 @ModelAttribute, 0 @InitBinder, 1 RequestBodyAdvice, 1 ResponseBodyAdvice
2021-09-12 09:46:15.189  INFO 54364 --- [main] o.s.b.a.w.s.WelcomePageHandlerMapping    : Adding welcome page: ServletContext resource [/index.html]
2021-09-12 09:46:15.264 DEBUG 54364 --- [main] o.s.w.s.handler.SimpleUrlHandlerMapping  : Patterns [/webjars/**, /**] in 'resourceHandlerMapping'
2021-09-12 09:46:15.304 DEBUG 54364 --- [main] .m.m.a.ExceptionHandlerExceptionResolver : ControllerAdvice beans: 1 @ExceptionHandler, 1 ResponseBodyAdvice
2021-09-12 09:46:15.581  INFO 54364 --- [main] d.s.w.p.DocumentationPluginsBootstrapper : Context refreshed
2021-09-12 09:46:15.678  INFO 54364 --- [main] d.s.w.p.DocumentationPluginsBootstrapper : Found 1 custom documentation plugin(s)
2021-09-12 09:46:15.835  INFO 54364 --- [main] s.d.s.w.s.ApiListingReferenceScanner     : Scanning for api listing references
2021-09-12 09:46:17.617  INFO 54364 --- [main] o.s.b.w.embedded.tomcat.TomcatWebServer  : Tomcat started on port(s): 9221 (http) with context path ''
2021-09-12 09:46:17.659  INFO 54364 --- [main] c.h.a.c.CustomScannersServiceApplication : Started CustomScannersServiceApplication in 40.7 seconds (JVM running for 50.473)
2021-09-12 09:46:18.233  INFO 54364 --- [http-nio-9221-exec-1] o.a.c.c.C.[Tomcat].[localhost].[/]       : Initializing Spring DispatcherServlet 'dispatcherServlet'
2021-09-12 09:46:18.236  INFO 54364 --- [http-nio-9221-exec-1] o.s.web.servlet.DispatcherServlet        : Initializing Servlet 'dispatcherServlet'
2021-09-12 09:46:18.238 DEBUG 54364 --- [http-nio-9221-exec-1] o.s.web.servlet.DispatcherServlet        : Detected StandardServletMultipartResolver
2021-09-12 09:46:18.286 DEBUG 54364 --- [http-nio-9221-exec-1] o.s.web.servlet.DispatcherServlet        : enableLoggingRequestDetails='false': request parameters and headers will be masked to prevent unsafe logging of potentially sensitive data
2021-09-12 09:46:18.288  INFO 54364 --- [http-nio-9221-exec-1] o.s.web.servlet.DispatcherServlet        : Completed initialization in 50 ms
2021-09-12 09:46:18.326 DEBUG 54364 --- [http-nio-9221-exec-1] o.s.web.servlet.DispatcherServlet        : GET "/v1/scanRules", parameters={}
2021-09-12 09:46:18.350 DEBUG 54364 --- [http-nio-9221-exec-1] s.w.s.m.m.a.RequestMappingHandlerMapping : Mapped to com.hcl.appscan.customscannersservice.controller.CustomScannersController#getScanRules(String[])
2021-09-12 09:46:18.484 DEBUG 54364 --- [http-nio-9221-exec-1] o.s.w.s.m.m.a.HttpEntityMethodProcessor  : Using 'application/json', given [application/json] and supported [application/json]
2021-09-12 09:46:18.516 DEBUG 54364 --- [http-nio-9221-exec-1] o.s.w.s.m.m.a.HttpEntityMethodProcessor  : Writing [{Golang={com.ouncelabs.languagelite.golang.rules.CommMisconfig=CustomScannersServiceScanRule{ruleNam (truncated)...]
2021-09-12 09:46:18.711 DEBUG 54364 --- [http-nio-9221-exec-1] o.s.web.servlet.DispatcherServlet        : Completed 200 OK
2021-09-12 10:35:58.852 DEBUG 54364 --- [http-nio-9221-exec-3] o.s.web.servlet.DispatcherServlet        : POST "/v1/scanFile", parameters={masked}
2021-09-12 10:35:58.869 DEBUG 54364 --- [http-nio-9221-exec-3] s.w.s.m.m.a.RequestMappingHandlerMapping : Mapped to com.hcl.appscan.customscannersservice.controller.CustomScannersController#runScanFile(MultipartFile, String, int[])
2021-09-12 10:35:58.956 DEBUG 54364 --- [http-nio-9221-exec-3] o.s.w.s.m.m.a.HttpEntityMethodProcessor  : Using 'application/json', given [application/json] and supported [application/json]
2021-09-12 10:35:58.960 DEBUG 54364 --- [http-nio-9221-exec-3] o.s.w.s.m.m.a.HttpEntityMethodProcessor  : Writing [CustomScannerServiceResult{findings=[], articles={}}]
2021-09-12 10:35:58.968 DEBUG 54364 --- [http-nio-9221-exec-3] o.s.web.servlet.DispatcherServlet        : Completed 200 OK
2021-09-12 10:36:32.695 DEBUG 54364 --- [http-nio-9221-exec-2] o.s.web.servlet.DispatcherServlet        : POST "/v1/scanFile", parameters={masked}
2021-09-12 10:36:32.700 DEBUG 54364 --- [http-nio-9221-exec-2] s.w.s.m.m.a.RequestMappingHandlerMapping : Mapped to com.hcl.appscan.customscannersservice.controller.CustomScannersController#runScanFile(MultipartFile, String, int[])
2021-09-12 10:36:32.774 DEBUG 54364 --- [http-nio-9221-exec-2] o.s.w.s.m.m.a.HttpEntityMethodProcessor  : Using 'application/json', given [application/json] and supported [application/json]
2021-09-12 10:36:32.779 DEBUG 54364 --- [http-nio-9221-exec-2] o.s.w.s.m.m.a.HttpEntityMethodProcessor  : Writing [CustomScannerServiceResult{findings=[], articles={}}]
2021-09-12 10:36:32.794 DEBUG 54364 --- [http-nio-9221-exec-2] o.s.web.servlet.DispatcherServlet        : Completed 200 OK
2021-09-12 10:36:39.271 DEBUG 54364 --- [http-nio-9221-exec-4] o.s.web.servlet.DispatcherServlet        : POST "/v1/scanFile", parameters={masked}
2021-09-12 10:36:39.277 DEBUG 54364 --- [http-nio-9221-exec-4] s.w.s.m.m.a.RequestMappingHandlerMapping : Mapped to com.hcl.appscan.customscannersservice.controller.CustomScannersController#runScanFile(MultipartFile, String, int[])
2021-09-12 10:36:39.298 DEBUG 54364 --- [http-nio-9221-exec-4] o.s.w.s.m.m.a.HttpEntityMethodProcessor  : Using 'application/json', given [application/json] and supported [application/json]
2021-09-12 10:36:39.299 DEBUG 54364 --- [http-nio-9221-exec-4] o.s.w.s.m.m.a.HttpEntityMethodProcessor  : Writing [CustomScannerServiceResult{findings=[], articles={}}]
2021-09-12 10:36:39.306 DEBUG 54364 --- [http-nio-9221-exec-4] o.s.web.servlet.DispatcherServlet        : Completed 200 OK
2021-09-12 10:37:15.249 DEBUG 54364 --- [http-nio-9221-exec-5] o.s.web.servlet.DispatcherServlet        : POST "/v1/scanFile", parameters={masked}
2021-09-12 10:37:15.255 DEBUG 54364 --- [http-nio-9221-exec-5] s.w.s.m.m.a.RequestMappingHandlerMapping : Mapped to com.hcl.appscan.customscannersservice.controller.CustomScannersController#runScanFile(MultipartFile, String, int[])
2021-09-12 10:37:15.275 DEBUG 54364 --- [http-nio-9221-exec-5] o.s.w.s.m.m.a.HttpEntityMethodProcessor  : Using 'application/json', given [application/json] and supported [application/json]
2021-09-12 10:37:15.277 DEBUG 54364 --- [http-nio-9221-exec-5] o.s.w.s.m.m.a.HttpEntityMethodProcessor  : Writing [CustomScannerServiceResult{findings=[], articles={}}]
2021-09-12 10:37:15.281 DEBUG 54364 --- [http-nio-9221-exec-5] o.s.web.servlet.DispatcherServlet        : Completed 200 OK
2021-09-12 10:37:52.641 DEBUG 54364 --- [http-nio-9221-exec-6] o.s.web.servlet.DispatcherServlet        : POST "/v1/scanFile", parameters={masked}
2021-09-12 10:37:52.647 DEBUG 54364 --- [http-nio-9221-exec-6] s.w.s.m.m.a.RequestMappingHandlerMapping : Mapped to com.hcl.appscan.customscannersservice.controller.CustomScannersController#runScanFile(MultipartFile, String, int[])
2021-09-12 10:37:52.685 DEBUG 54364 --- [http-nio-9221-exec-6] o.s.w.s.m.m.a.HttpEntityMethodProcessor  : Using 'application/json', given [application/json] and supported [application/json]
2021-09-12 10:37:52.690 DEBUG 54364 --- [http-nio-9221-exec-6] o.s.w.s.m.m.a.HttpEntityMethodProcessor  : Writing [CustomScannerServiceResult{findings=[], articles={}}]
2021-09-12 10:37:52.698 DEBUG 54364 --- [http-nio-9221-exec-6] o.s.web.servlet.DispatcherServlet        : Completed 200 OK
2021-09-12 10:37:55.277 DEBUG 54364 --- [http-nio-9221-exec-7] o.s.web.servlet.DispatcherServlet        : POST "/v1/scanFile", parameters={masked}
2021-09-12 10:37:55.289 DEBUG 54364 --- [http-nio-9221-exec-7] s.w.s.m.m.a.RequestMappingHandlerMapping : Mapped to com.hcl.appscan.customscannersservice.controller.CustomScannersController#runScanFile(MultipartFile, String, int[])
2021-09-12 10:37:55.308 DEBUG 54364 --- [http-nio-9221-exec-7] o.s.w.s.m.m.a.HttpEntityMethodProcessor  : Using 'application/json', given [application/json] and supported [application/json]
2021-09-12 10:37:55.311 DEBUG 54364 --- [http-nio-9221-exec-7] o.s.w.s.m.m.a.HttpEntityMethodProcessor  : Writing [CustomScannerServiceResult{findings=[], articles={}}]
2021-09-12 10:37:55.314 DEBUG 54364 --- [http-nio-9221-exec-7] o.s.web.servlet.DispatcherServlet        : Completed 200 OK
2021-09-12 10:38:22.584 DEBUG 54364 --- [http-nio-9221-exec-8] o.s.web.servlet.DispatcherServlet        : POST "/v1/scanFile", parameters={masked}
2021-09-12 10:38:22.596 DEBUG 54364 --- [http-nio-9221-exec-8] s.w.s.m.m.a.RequestMappingHandlerMapping : Mapped to com.hcl.appscan.customscannersservice.controller.CustomScannersController#runScanFile(MultipartFile, String, int[])
2021-09-12 10:38:22.611 DEBUG 54364 --- [http-nio-9221-exec-8] o.s.w.s.m.m.a.HttpEntityMethodProcessor  : Using 'application/json', given [application/json] and supported [application/json]
2021-09-12 10:38:22.613 DEBUG 54364 --- [http-nio-9221-exec-8] o.s.w.s.m.m.a.HttpEntityMethodProcessor  : Writing [CustomScannerServiceResult{findings=[], articles={}}]
2021-09-12 10:38:22.618 DEBUG 54364 --- [http-nio-9221-exec-8] o.s.web.servlet.DispatcherServlet        : Completed 200 OK
2021-09-12 10:39:06.117 DEBUG 54364 --- [http-nio-9221-exec-9] o.s.web.servlet.DispatcherServlet        : POST "/v1/scanFile", parameters={masked}
2021-09-12 10:39:06.132 DEBUG 54364 --- [http-nio-9221-exec-9] s.w.s.m.m.a.RequestMappingHandlerMapping : Mapped to com.hcl.appscan.customscannersservice.controller.CustomScannersController#runScanFile(MultipartFile, String, int[])
2021-09-12 10:39:06.160 DEBUG 54364 --- [http-nio-9221-exec-9] o.s.w.s.m.m.a.HttpEntityMethodProcessor  : Using 'application/json', given [application/json] and supported [application/json]
2021-09-12 10:39:06.161 DEBUG 54364 --- [http-nio-9221-exec-9] o.s.w.s.m.m.a.HttpEntityMethodProcessor  : Writing [CustomScannerServiceResult{findings=[], articles={}}]
2021-09-12 10:39:06.164 DEBUG 54364 --- [http-nio-9221-exec-9] o.s.web.servlet.DispatcherServlet        : Completed 200 OK
2021-09-12 10:39:21.504 DEBUG 54364 --- [http-nio-9221-exec-10] o.s.web.servlet.DispatcherServlet        : POST "/v1/scanFile", parameters={masked}
2021-09-12 10:39:21.529 DEBUG 54364 --- [http-nio-9221-exec-10] s.w.s.m.m.a.RequestMappingHandlerMapping : Mapped to com.hcl.appscan.customscannersservice.controller.CustomScannersController#runScanFile(MultipartFile, String, int[])
2021-09-12 10:39:21.567 DEBUG 54364 --- [http-nio-9221-exec-10] o.s.w.s.m.m.a.HttpEntityMethodProcessor  : Using 'application/json', given [application/json] and supported [application/json]
2021-09-12 10:39:21.569 DEBUG 54364 --- [http-nio-9221-exec-10] o.s.w.s.m.m.a.HttpEntityMethodProcessor  : Writing [CustomScannerServiceResult{findings=[], articles={}}]
2021-09-12 10:39:21.574 DEBUG 54364 --- [http-nio-9221-exec-10] o.s.web.servlet.DispatcherServlet        : Completed 200 OK
2021-09-12 10:39:44.042 DEBUG 54364 --- [http-nio-9221-exec-1] o.s.web.servlet.DispatcherServlet        : POST "/v1/scanFile", parameters={masked}
2021-09-12 10:39:44.060 DEBUG 54364 --- [http-nio-9221-exec-1] s.w.s.m.m.a.RequestMappingHandlerMapping : Mapped to com.hcl.appscan.customscannersservice.controller.CustomScannersController#runScanFile(MultipartFile, String, int[])
2021-09-12 10:39:44.098 DEBUG 54364 --- [http-nio-9221-exec-1] o.s.w.s.m.m.a.HttpEntityMethodProcessor  : Using 'application/json', given [application/json] and supported [application/json]
2021-09-12 10:39:44.102 DEBUG 54364 --- [http-nio-9221-exec-1] o.s.w.s.m.m.a.HttpEntityMethodProcessor  : Writing [CustomScannerServiceResult{findings=[], articles={}}]
2021-09-12 10:39:44.108 DEBUG 54364 --- [http-nio-9221-exec-1] o.s.web.servlet.DispatcherServlet        : Completed 200 OK
2021-09-12 10:41:34.891 DEBUG 54364 --- [http-nio-9221-exec-3] o.s.web.servlet.DispatcherServlet        : POST "/v1/scanFile", parameters={masked}
2021-09-12 10:41:34.897 DEBUG 54364 --- [http-nio-9221-exec-3] s.w.s.m.m.a.RequestMappingHandlerMapping : Mapped to com.hcl.appscan.customscannersservice.controller.CustomScannersController#runScanFile(MultipartFile, String, int[])
2021-09-12 10:41:34.970 DEBUG 54364 --- [http-nio-9221-exec-3] o.s.w.s.m.m.a.HttpEntityMethodProcessor  : Using 'application/json', given [application/json] and supported [application/json]
2021-09-12 10:41:34.971 DEBUG 54364 --- [http-nio-9221-exec-3] o.s.w.s.m.m.a.HttpEntityMethodProcessor  : Writing [CustomScannerServiceResult{findings=[], articles={}}]
2021-09-12 10:41:34.979 DEBUG 54364 --- [http-nio-9221-exec-3] o.s.web.servlet.DispatcherServlet        : Completed 200 OK
2021-09-12 10:41:58.139 DEBUG 54364 --- [http-nio-9221-exec-2] o.s.web.servlet.DispatcherServlet        : POST "/v1/scanFile", parameters={masked}
2021-09-12 10:41:58.143 DEBUG 54364 --- [http-nio-9221-exec-2] s.w.s.m.m.a.RequestMappingHandlerMapping : Mapped to com.hcl.appscan.customscannersservice.controller.CustomScannersController#runScanFile(MultipartFile, String, int[])
2021-09-12 10:41:58.158 DEBUG 54364 --- [http-nio-9221-exec-2] o.s.w.s.m.m.a.HttpEntityMethodProcessor  : Using 'application/json', given [application/json] and supported [application/json]
2021-09-12 10:41:58.160 DEBUG 54364 --- [http-nio-9221-exec-2] o.s.w.s.m.m.a.HttpEntityMethodProcessor  : Writing [CustomScannerServiceResult{findings=[], articles={}}]
2021-09-12 10:41:58.166 DEBUG 54364 --- [http-nio-9221-exec-2] o.s.web.servlet.DispatcherServlet        : Completed 200 OK
2021-09-12 10:42:09.791 DEBUG 54364 --- [http-nio-9221-exec-4] o.s.web.servlet.DispatcherServlet        : POST "/v1/scanFile", parameters={masked}
2021-09-12 10:42:09.794 DEBUG 54364 --- [http-nio-9221-exec-4] s.w.s.m.m.a.RequestMappingHandlerMapping : Mapped to com.hcl.appscan.customscannersservice.controller.CustomScannersController#runScanFile(MultipartFile, String, int[])
2021-09-12 10:42:09.809 DEBUG 54364 --- [http-nio-9221-exec-4] o.s.w.s.m.m.a.HttpEntityMethodProcessor  : Using 'application/json', given [application/json] and supported [application/json]
2021-09-12 10:42:09.810 DEBUG 54364 --- [http-nio-9221-exec-4] o.s.w.s.m.m.a.HttpEntityMethodProcessor  : Writing [CustomScannerServiceResult{findings=[], articles={}}]
2021-09-12 10:42:09.816 DEBUG 54364 --- [http-nio-9221-exec-4] o.s.web.servlet.DispatcherServlet        : Completed 200 OK
2021-09-12 10:42:20.720 DEBUG 54364 --- [http-nio-9221-exec-5] o.s.web.servlet.DispatcherServlet        : POST "/v1/scanFile", parameters={masked}
2021-09-12 10:42:20.733 DEBUG 54364 --- [http-nio-9221-exec-5] s.w.s.m.m.a.RequestMappingHandlerMapping : Mapped to com.hcl.appscan.customscannersservice.controller.CustomScannersController#runScanFile(MultipartFile, String, int[])
2021-09-12 10:42:20.748 DEBUG 54364 --- [http-nio-9221-exec-5] o.s.w.s.m.m.a.HttpEntityMethodProcessor  : Using 'application/json', given [application/json] and supported [application/json]
2021-09-12 10:42:20.749 DEBUG 54364 --- [http-nio-9221-exec-5] o.s.w.s.m.m.a.HttpEntityMethodProcessor  : Writing [CustomScannerServiceResult{findings=[], articles={}}]
2021-09-12 10:42:20.752 DEBUG 54364 --- [http-nio-9221-exec-5] o.s.web.servlet.DispatcherServlet        : Completed 200 OK
2021-09-12 10:42:43.464 DEBUG 54364 --- [http-nio-9221-exec-6] o.s.web.servlet.DispatcherServlet        : POST "/v1/scanFile", parameters={masked}
2021-09-12 10:42:43.484 DEBUG 54364 --- [http-nio-9221-exec-6] s.w.s.m.m.a.RequestMappingHandlerMapping : Mapped to com.hcl.appscan.customscannersservice.controller.CustomScannersController#runScanFile(MultipartFile, String, int[])
2021-09-12 10:42:43.534 DEBUG 54364 --- [http-nio-9221-exec-6] o.s.w.s.m.m.a.HttpEntityMethodProcessor  : Using 'application/json', given [application/json] and supported [application/json]
2021-09-12 10:42:43.540 DEBUG 54364 --- [http-nio-9221-exec-6] o.s.w.s.m.m.a.HttpEntityMethodProcessor  : Writing [CustomScannerServiceResult{findings=[], articles={}}]
2021-09-12 10:42:43.552 DEBUG 54364 --- [http-nio-9221-exec-6] o.s.web.servlet.DispatcherServlet        : Completed 200 OK
2021-09-12 10:43:02.783 DEBUG 54364 --- [http-nio-9221-exec-7] o.s.web.servlet.DispatcherServlet        : POST "/v1/scanFile", parameters={masked}
2021-09-12 10:43:02.790 DEBUG 54364 --- [http-nio-9221-exec-7] s.w.s.m.m.a.RequestMappingHandlerMapping : Mapped to com.hcl.appscan.customscannersservice.controller.CustomScannersController#runScanFile(MultipartFile, String, int[])
2021-09-12 10:43:02.815 DEBUG 54364 --- [http-nio-9221-exec-7] o.s.w.s.m.m.a.HttpEntityMethodProcessor  : Using 'application/json', given [application/json] and supported [application/json]
2021-09-12 10:43:02.816 DEBUG 54364 --- [http-nio-9221-exec-7] o.s.w.s.m.m.a.HttpEntityMethodProcessor  : Writing [CustomScannerServiceResult{findings=[], articles={}}]
2021-09-12 10:43:02.821 DEBUG 54364 --- [http-nio-9221-exec-7] o.s.web.servlet.DispatcherServlet        : Completed 200 OK
2021-09-12 10:43:19.506 DEBUG 54364 --- [http-nio-9221-exec-8] o.s.web.servlet.DispatcherServlet        : POST "/v1/scanFile", parameters={masked}
2021-09-12 10:43:19.513 DEBUG 54364 --- [http-nio-9221-exec-8] s.w.s.m.m.a.RequestMappingHandlerMapping : Mapped to com.hcl.appscan.customscannersservice.controller.CustomScannersController#runScanFile(MultipartFile, String, int[])
2021-09-12 10:43:19.532 DEBUG 54364 --- [http-nio-9221-exec-8] o.s.w.s.m.m.a.HttpEntityMethodProcessor  : Using 'application/json', given [application/json] and supported [application/json]
2021-09-12 10:43:19.533 DEBUG 54364 --- [http-nio-9221-exec-8] o.s.w.s.m.m.a.HttpEntityMethodProcessor  : Writing [CustomScannerServiceResult{findings=[], articles={}}]
2021-09-12 10:43:19.538 DEBUG 54364 --- [http-nio-9221-exec-8] o.s.web.servlet.DispatcherServlet        : Completed 200 OK
